app/build/outputs/logs/manifest-merger-student-debug-report.txt
-- Merging decision tree log ---
manifest
ADDED from src/main/AndroidManifest.xml:2:1-100:12
	package
		ADDED from src/main/AndroidManifest.xml:3:5-29
		INJECTED from src/main/AndroidManifest.xml
		ADDED from src/main/AndroidManifest.xml:3:5-29
		INJECTED from src/student/AndroidManifest.xml
	android:versionName
		ADDED from src/main/AndroidManifest.xml:5:5-30
		INJECTED from src/main/AndroidManifest.xml
		ADDED from src/main/AndroidManifest.xml:5:5-30
		INJECTED from src/student/AndroidManifest.xml
	android:versionCode
		ADDED from src/main/AndroidManifest.xml:4:5-28
		INJECTED from src/main/AndroidManifest.xml
		ADDED from src/main/AndroidManifest.xml:4:5-28
		INJECTED from src/student/AndroidManifest.xml
	xmlns:android
		ADDED from src/main/AndroidManifest.xml:2:11-69
uses-permission#android.permission.INTERNET
ADDED from src/main/AndroidManifest.xml:7:5-67
MERGED from [com.google.android.gms:play-services-maps:9.4.0] AndroidManifest.xml:21:5-66
	android:name
		ADDED from src/main/AndroidManifest.xml:7:22-64
uses-permission#android.permission.ACCESS_NETWORK_STATE
ADDED from src/main/AndroidManifest.xml:8:5-79
MERGED from [com.google.android.gms:play-services-maps:9.4.0] AndroidManifest.xml:20:5-78
	android:name
		ADDED from src/main/AndroidManifest.xml:8:22-76
uses-permission#android.permission.WAKE_LOCK
ADDED from src/main/AndroidManifest.xml:9:5-68
	android:name
		ADDED from src/main/AndroidManifest.xml:9:22-65
uses-permission#android.permission.RECEIVE_BOOT_COMPLETED
ADDED from src/main/AndroidManifest.xml:10:5-81
	android:name
		ADDED from src/main/AndroidManifest.xml:10:22-78
uses-permission#android.permission.VIBRATE
ADDED from src/main/AndroidManifest.xml:11:5-66
	android:name
		ADDED from src/main/AndroidManifest.xml:11:22-63
uses-permission#android.permission.GET_ACCOUNTS
ADDED from src/main/AndroidManifest.xml:12:5-71
	android:name
		ADDED from src/main/AndroidManifest.xml:12:22-68
uses-permission#android.permission.WRITE_EXTERNAL_STORAGE
ADDED from src/main/AndroidManifest.xml:13:5-81
	android:name
		ADDED from src/main/AndroidManifest.xml:13:22-78
uses-permission#com.google.android.providers.gsf.permission.READ_GSERVICES
ADDED from src/main/AndroidManifest.xml:15:5-98
	android:name
		ADDED from src/main/AndroidManifest.xml:15:22-95
uses-permission#com.google.android.c2dm.permission.RECEIVE
ADDED from src/main/AndroidManifest.xml:16:5-82
	android:name
		ADDED from src/main/AndroidManifest.xml:16:22-79
permission#com.aashir.bpc.permission.C2D_MESSAGE
ADDED from src/main/AndroidManifest.xml:18:5-20:47
	android:protectionLevel
		ADDED from src/main/AndroidManifest.xml:20:9-44
	android:name
		ADDED from src/main/AndroidManifest.xml:19:9-61
uses-permission#com.aashir.bpc.permission.C2D_MESSAGE
ADDED from src/main/AndroidManifest.xml:22:5-77
	android:name
		ADDED from src/main/AndroidManifest.xml:22:22-74
uses-feature#0x00020000
ADDED from src/main/AndroidManifest.xml:24:5-26:35
MERGED from [com.google.android.gms:play-services-maps:9.4.0] AndroidManifest.xml:22:5-24:33
	android:glEsVersion
		ADDED from src/main/AndroidManifest.xml:25:9-41
	android:required
		ADDED from src/main/AndroidManifest.xml:26:9-32
application
ADDED from src/main/AndroidManifest.xml:28:5-98:19
MERGED from src/main/AndroidManifest.xml:28:5-98:19
MERGED from [com.android.support.constraint:constraint-layout:1.0.0-alpha1] AndroidManifest.xml:9:5-20
MERGED from [com.android.support:support-v4:24.2.1] AndroidManifest.xml:25:5-20
MERGED from [com.android.support:support-compat:24.2.1] AndroidManifest.xml:25:5-20
MERGED from [com.android.support:support-media-compat:24.2.1] AndroidManifest.xml:25:5-20
MERGED from [com.android.support:support-core-utils:24.2.1] AndroidManifest.xml:25:5-20
MERGED from [com.android.support:support-core-ui:24.2.1] AndroidManifest.xml:25:5-20
MERGED from [com.android.support:support-fragment:24.2.1] AndroidManifest.xml:25:5-20
MERGED from [com.android.support:cardview-v7:24.2.1] AndroidManifest.xml:22:5-20
MERGED from [com.android.support:design:24.2.1] AndroidManifest.xml:22:5-20
MERGED from [com.android.support:appcompat-v7:24.2.1] AndroidManifest.xml:25:5-20
MERGED from [com.android.support:support-vector-drawable:24.2.1] AndroidManifest.xml:23:5-20
MERGED from [com.android.support:animated-vector-drawable:24.2.1] AndroidManifest.xml:22:5-20
MERGED from [com.google.android.gms:play-services-maps:9.4.0] AndroidManifest.xml:27:5-20
MERGED from [com.google.android.gms:play-services-base:9.4.0] AndroidManifest.xml:19:5-23:19
MERGED from [com.google.android.gms:play-services-basement:9.4.0] AndroidManifest.xml:20:5-24:19
MERGED from [com.google.android.gms:play-services-tasks:9.4.0] AndroidManifest.xml:5:5-20
	android:label
		ADDED from src/main/AndroidManifest.xml:32:9-41
		ADDED from src/main/AndroidManifest.xml:32:9-41
	android:allowBackup
		ADDED from src/main/AndroidManifest.xml:30:9-35
		ADDED from src/main/AndroidManifest.xml:30:9-35
	android:icon
		ADDED from src/main/AndroidManifest.xml:31:9-45
		ADDED from src/main/AndroidManifest.xml:31:9-45
	android:theme
		ADDED from src/main/AndroidManifest.xml:33:9-40
		ADDED from src/main/AndroidManifest.xml:33:9-40
	android:name
		ADDED from src/main/AndroidManifest.xml:29:9-46
		ADDED from src/main/AndroidManifest.xml:29:9-46
activity#com.aashir.bpc.ScrollingActivity
ADDED from src/main/AndroidManifest.xml:34:9-41:20
	android:name
		ADDED from src/main/AndroidManifest.xml:35:13-46
intent-filter#android.intent.action.MAIN+android.intent.category.LAUNCHER
ADDED from src/main/AndroidManifest.xml:36:13-40:29
action#android.intent.action.MAIN
ADDED from src/main/AndroidManifest.xml:37:17-69
	android:name
		ADDED from src/main/AndroidManifest.xml:37:25-66
category#android.intent.category.LAUNCHER
ADDED from src/main/AndroidManifest.xml:39:17-77
	android:name
		ADDED from src/main/AndroidManifest.xml:39:27-74
activity#com.aashir.bpc.intro.IntroActivity
ADDED from src/main/AndroidManifest.xml:42:9-45:55
	android:windowSoftInputMode
		ADDED from src/main/AndroidManifest.xml:45:13-52
	android:theme
		ADDED from src/main/AndroidManifest.xml:44:13-46
	android:name
		ADDED from src/main/AndroidManifest.xml:43:13-48
activity#com.aashir.bpc.ui.DetailPostActivity
ADDED from src/main/AndroidManifest.xml:46:9-48:54
	android:theme
		ADDED from src/main/AndroidManifest.xml:48:13-51
	android:name
		ADDED from src/main/AndroidManifest.xml:47:13-50
activity#com.aashir.bpc.ui.DetailAssignment
ADDED from src/main/AndroidManifest.xml:49:9-51:60
	android:theme
		ADDED from src/main/AndroidManifest.xml:51:13-57
	android:name
		ADDED from src/main/AndroidManifest.xml:50:13-48
activity#com.aashir.bpc.ui.DetailImageActivity
ADDED from src/main/AndroidManifest.xml:52:9-54:55
	android:theme
		ADDED from src/main/AndroidManifest.xml:54:13-52
	android:name
		ADDED from src/main/AndroidManifest.xml:53:13-51
activity#com.aashir.bpc.ui.DetailEventActivity
ADDED from src/main/AndroidManifest.xml:55:9-57:55
	android:theme
		ADDED from src/main/AndroidManifest.xml:57:13-52
	android:name
		ADDED from src/main/AndroidManifest.xml:56:13-51
service#com.parse.PushService
ADDED from src/main/AndroidManifest.xml:59:9-57
	android:name
		ADDED from src/main/AndroidManifest.xml:59:18-54
receiver#com.parse.ParseBroadcastReceiver
ADDED from src/main/AndroidManifest.xml:61:9-66:20
	android:name
		ADDED from src/main/AndroidManifest.xml:61:19-66
intent-filter#android.intent.action.BOOT_COMPLETED+android.intent.action.USER_PRESENT
ADDED from src/main/AndroidManifest.xml:62:13-65:29
action#android.intent.action.BOOT_COMPLETED
ADDED from src/main/AndroidManifest.xml:63:17-79
	android:name
		ADDED from src/main/AndroidManifest.xml:63:25-76
action#android.intent.action.USER_PRESENT
ADDED from src/main/AndroidManifest.xml:64:17-77
	android:name
		ADDED from src/main/AndroidManifest.xml:64:25-74
receiver#com.parse.GcmBroadcastReceiver
ADDED from src/main/AndroidManifest.xml:67:9-76:20
	android:permission
		ADDED from src/main/AndroidManifest.xml:69:13-73
	android:name
		ADDED from src/main/AndroidManifest.xml:68:13-58
intent-filter#com.aashir.bpc+com.google.android.c2dm.intent.RECEIVE+com.google.android.c2dm.intent.REGISTRATION
ADDED from src/main/AndroidManifest.xml:70:13-75:29
action#com.google.android.c2dm.intent.RECEIVE
ADDED from src/main/AndroidManifest.xml:71:17-81
	android:name
		ADDED from src/main/AndroidManifest.xml:71:25-78
action#com.google.android.c2dm.intent.REGISTRATION
ADDED from src/main/AndroidManifest.xml:72:17-86
	android:name
		ADDED from src/main/AndroidManifest.xml:72:25-83
category#com.aashir.bpc
ADDED from src/main/AndroidManifest.xml:74:17-59
	android:name
		ADDED from src/main/AndroidManifest.xml:74:27-56
receiver#com.parse.ParsePushBroadcastReceiver
ADDED from src/main/AndroidManifest.xml:77:9-85:20
	android:exported
		ADDED from src/main/AndroidManifest.xml:79:13-37
	android:name
		ADDED from src/main/AndroidManifest.xml:78:13-64
intent-filter#com.parse.push.intent.DELETE+com.parse.push.intent.OPEN+com.parse.push.intent.RECEIVE
ADDED from src/main/AndroidManifest.xml:80:13-84:29
action#com.parse.push.intent.RECEIVE
ADDED from src/main/AndroidManifest.xml:81:17-72
	android:name
		ADDED from src/main/AndroidManifest.xml:81:25-69
action#com.parse.push.intent.DELETE
ADDED from src/main/AndroidManifest.xml:82:17-71
	android:name
		ADDED from src/main/AndroidManifest.xml:82:25-68
action#com.parse.push.intent.OPEN
ADDED from src/main/AndroidManifest.xml:83:17-69
	android:name
		ADDED from src/main/AndroidManifest.xml:83:25-66
meta-data#com.google.android.gms.version
ADDED from src/main/AndroidManifest.xml:87:9-89:69
MERGED from [com.google.android.gms:play-services-basement:9.4.0] AndroidManifest.xml:21:9-23:69
	android:value
		ADDED from src/main/AndroidManifest.xml:89:13-66
	android:name
		ADDED from src/main/AndroidManifest.xml:88:13-58
meta-data#com.google.android.maps.v2.API_KEY
ADDED from src/main/AndroidManifest.xml:90:9-92:55
	android:value
		ADDED from src/main/AndroidManifest.xml:92:13-52
	android:name
		ADDED from src/main/AndroidManifest.xml:91:13-62
service#com.aashir.bpc.util.UploadService
ADDED from src/main/AndroidManifest.xml:94:9-97:40
	android:enabled
		ADDED from src/main/AndroidManifest.xml:96:13-35
	android:exported
		ADDED from src/main/AndroidManifest.xml:97:13-37
	android:name
		ADDED from src/main/AndroidManifest.xml:95:13-47
uses-sdk
INJECTED from src/main/AndroidManifest.xml reason: use-sdk injection requested
MERGED from [com.jakewharton:butterknife:8.4.0] AndroidManifest.xml:5:5-43
MERGED from [com.android.support.constraint:constraint-layout:1.0.0-alpha1] AndroidManifest.xml:5:5-7:41
MERGED from [School:scaleImageView:unspecified] AndroidManifest.xml:7:5-9:41
MERGED from [com.android.support:support-v4:24.2.1] AndroidManifest.xml:21:5-23:54
MERGED from [com.android.support:support-compat:24.2.1] AndroidManifest.xml:21:5-23:58
MERGED from [com.android.support:support-media-compat:24.2.1] AndroidManifest.xml:21:5-23:63
MERGED from [com.android.support:support-core-utils:24.2.1] AndroidManifest.xml:21:5-23:61
MERGED from [com.android.support:support-core-ui:24.2.1] AndroidManifest.xml:21:5-23:58
MERGED from [com.android.support:support-fragment:24.2.1] AndroidManifest.xml:21:5-23:60
MERGED from [com.android.support:cardview-v7:24.2.1] AndroidManifest.xml:20:5-43
MERGED from [com.android.support:design:24.2.1] AndroidManifest.xml:20:5-43
MERGED from [com.android.support:appcompat-v7:24.2.1] AndroidManifest.xml:21:5-23:78
MERGED from [com.android.support:support-vector-drawable:24.2.1] AndroidManifest.xml:21:5-43
MERGED from [com.android.support:animated-vector-drawable:24.2.1] AndroidManifest.xml:20:5-44
MERGED from [com.android.support:recyclerview-v7:24.2.1] AndroidManifest.xml:20:5-43
MERGED from [com.google.android.gms:play-services-maps:9.4.0] AndroidManifest.xml:26:5-42
MERGED from [com.google.android.gms:play-services-base:9.4.0] AndroidManifest.xml:18:5-42
MERGED from [com.google.android.gms:play-services-basement:9.4.0] AndroidManifest.xml:18:5-42
MERGED from [com.google.android.gms:play-services-tasks:9.4.0] AndroidManifest.xml:4:5-43
	tools:overrideLibrary
		ADDED from [com.android.support:support-v4:24.2.1] AndroidManifest.xml:23:9-51
	android:targetSdkVersion
		INJECTED from src/main/AndroidManifest.xml
		INJECTED from src/student/AndroidManifest.xml
	android:minSdkVersion
		INJECTED from src/main/AndroidManifest.xml
		INJECTED from src/student/AndroidManifest.xml
activity#com.google.android.gms.common.api.GoogleApiActivity
ADDED from [com.google.android.gms:play-services-base:9.4.0] AndroidManifest.xml:20:9-22:45
	android:exported
		ADDED from [com.google.android.gms:play-services-base:9.4.0] AndroidManifest.xml:22:19-43
	android:theme
		ADDED from [com.google.android.gms:play-services-base:9.4.0] AndroidManifest.xml:21:19-78
	android:name
		ADDED from [com.google.android.gms:play-services-base:9.4.0] AndroidManifest.xml:20:19-85